# JRE version: Java(TM) SE Runtime Environment (18.0.2.1+1) (build 18.0.2.1+1-1)
# Java VM: Java HotSpot(TM) 64-Bit Server VM (18.0.2.1+1-1, mixed mode, sharing, tiered, compressed oops, compressed class ptrs, g1 gc, windows-amd64)
GC Precious Log:
 CardTable entry size: 512
 Card Set container configuration: InlinePtr #cards 4 size 8 Array Of Cards #cards 16 size 48 Howl #buckets 8 coarsen threshold 3686 Howl Bitmap #cards 512 size 80 coarsen threshold 460 Card regions per heap region 1 cards per card region 4096
 CPUs: 8 total, 8 available
 Memory: 16166M
 Large Page Support: Disabled
 NUMA Support: Disabled
 Compressed Oops: Enabled (Zero based)
 Heap Region Size: 2M
 Heap Min Capacity: 8M
 Heap Initial Capacity: 254M
 Heap Max Capacity: 4042M
 Pre-touch: Disabled
 Parallel Workers: 8
 Concurrent Workers: 2
 Concurrent Refinement Workers: 8
 Periodic GC: Disabled
Heap:
 garbage-first heap   total 67584K, used 31008K [0x0000000703600000, 0x0000000800000000)
  region size 2048K, 6 young (12288K), 2 survivors (4096K)
 Metaspace       used 57560K, committed 58176K, reserved 1114112K
  class space    used 7620K, committed 7872K, reserved 1048576K
GC Heap History (20 events):
Event: 0.378 GC heap before
{Heap before GC invocations=0 (full 0):
 garbage-first heap   total 260096K, used 22528K [0x0000000703600000, 0x0000000800000000)
  region size 2048K, 11 young (22528K), 0 survivors (0K)
 Metaspace       used 4944K, committed 5120K, reserved 1114112K
  class space    used 554K, committed 640K, reserved 1048576K
}
Event: 0.381 GC heap after
{Heap after GC invocations=1 (full 0):
 garbage-first heap   total 260096K, used 6187K [0x0000000703600000, 0x0000000800000000)
  region size 2048K, 2 young (4096K), 2 survivors (4096K)
 Metaspace       used 4944K, committed 5120K, reserved 1114112K
  class space    used 554K, committed 640K, reserved 1048576K
}
Event: 0.649 GC heap before
{Heap before GC invocations=1 (full 0):
 garbage-first heap   total 260096K, used 30763K [0x0000000703600000, 0x0000000800000000)
  region size 2048K, 14 young (28672K), 2 survivors (4096K)
 Metaspace       used 11283K, committed 11520K, reserved 1114112K
  class space    used 1334K, committed 1472K, reserved 1048576K
}
Event: 0.653 GC heap after
{Heap after GC invocations=2 (full 0):
 garbage-first heap   total 260096K, used 8350K [0x0000000703600000, 0x0000000800000000)
  region size 2048K, 2 young (4096K), 2 survivors (4096K)
 Metaspace       used 11283K, committed 11520K, reserved 1114112K
  class space    used 1334K, committed 1472K, reserved 1048576K
}
Event: 1.399 GC heap before
{Heap before GC invocations=2 (full 0):
 garbage-first heap   total 260096K, used 67742K [0x0000000703600000, 0x0000000800000000)
  region size 2048K, 32 young (65536K), 2 survivors (4096K)
 Metaspace       used 21227K, committed 21504K, reserved 1114112K
  class space    used 2571K, committed 2752K, reserved 1048576K
}
Event: 1.404 GC heap after
{Heap after GC invocations=3 (full 0):
 garbage-first heap   total 260096K, used 13230K [0x0000000703600000, 0x0000000800000000)
  region size 2048K, 4 young (8192K), 4 survivors (8192K)
 Metaspace       used 21227K, committed 21504K, reserved 1114112K
  class space    used 2571K, committed 2752K, reserved 1048576K
}
Event: 2.086 GC heap before
{Heap before GC invocations=4 (full 0):
 garbage-first heap   total 55296K, used 54190K [0x0000000703600000, 0x0000000800000000)
  region size 2048K, 24 young (49152K), 4 survivors (8192K)
 Metaspace       used 28106K, committed 28608K, reserved 1114112K
  class space    used 3507K, committed 3712K, reserved 1048576K
}
Event: 2.092 GC heap after
{Heap after GC invocations=5 (full 0):
 garbage-first heap   total 67584K, used 16967K [0x0000000703600000, 0x0000000800000000)
  region size 2048K, 6 young (12288K), 6 survivors (12288K)
 Metaspace       used 28106K, committed 28608K, reserved 1114112K
  class space    used 3507K, committed 3712K, reserved 1048576K
}
Event: 2.402 GC heap before
{Heap before GC invocations=5 (full 0):
 garbage-first heap   total 67584K, used 43591K [0x0000000703600000, 0x0000000800000000)
  region size 2048K, 19 young (38912K), 6 survivors (12288K)
 Metaspace       used 33835K, committed 34304K, reserved 1114112K
  class space    used 4364K, committed 4608K, reserved 1048576K
}
Event: 2.410 GC heap after
{Heap after GC invocations=6 (full 0):
 garbage-first heap   total 67584K, used 18339K [0x0000000703600000, 0x0000000800000000)
  region size 2048K, 1 young (2048K), 1 survivors (2048K)
 Metaspace       used 33835K, committed 34304K, reserved 1114112K
  class space    used 4364K, committed 4608K, reserved 1048576K
}
Event: 2.471 GC heap before
{Heap before GC invocations=6 (full 0):
 garbage-first heap   total 67584K, used 22435K [0x0000000703600000, 0x0000000800000000)
  region size 2048K, 4 young (8192K), 1 survivors (2048K)
 Metaspace       used 35463K, committed 35968K, reserved 1114112K
  class space    used 4555K, committed 4800K, reserved 1048576K
}
Event: 2.474 GC heap after
{Heap after GC invocations=7 (full 0):
 garbage-first heap   total 67584K, used 18259K [0x0000000703600000, 0x0000000800000000)
  region size 2048K, 1 young (2048K), 1 survivors (2048K)
 Metaspace       used 35463K, committed 35968K, reserved 1114112K
  class space    used 4555K, committed 4800K, reserved 1048576K
}
Event: 2.914 GC heap before
{Heap before GC invocations=8 (full 0):
 garbage-first heap   total 67584K, used 46931K [0x0000000703600000, 0x0000000800000000)
  region size 2048K, 15 young (30720K), 1 survivors (2048K)
 Metaspace       used 44118K, committed 44672K, reserved 1114112K
  class space    used 5633K, committed 5888K, reserved 1048576K
}
Event: 2.918 GC heap after
{Heap after GC invocations=9 (full 0):
 garbage-first heap   total 67584K, used 20741K [0x0000000703600000, 0x0000000800000000)
  region size 2048K, 2 young (4096K), 2 survivors (4096K)
 Metaspace       used 44118K, committed 44672K, reserved 1114112K
  class space    used 5633K, committed 5888K, reserved 1048576K
}
Event: 3.262 GC heap before
{Heap before GC invocations=9 (full 0):
 garbage-first heap   total 67584K, used 45317K [0x0000000703600000, 0x0000000800000000)
  region size 2048K, 15 young (30720K), 2 survivors (4096K)
 Metaspace       used 51147K, committed 51712K, reserved 1114112K
  class space    used 6780K, committed 7040K, reserved 1048576K
}
Event: 3.265 GC heap after
{Heap after GC invocations=10 (full 0):
 garbage-first heap   total 67584K, used 21839K [0x0000000703600000, 0x0000000800000000)
  region size 2048K, 1 young (2048K), 1 survivors (2048K)
 Metaspace       used 51147K, committed 51712K, reserved 1114112K
  class space    used 6780K, committed 7040K, reserved 1048576K
}
Event: 3.806 GC heap before
{Heap before GC invocations=10 (full 0):
 garbage-first heap   total 67584K, used 48463K [0x0000000703600000, 0x0000000800000000)
  region size 2048K, 14 young (28672K), 1 survivors (2048K)
 Metaspace       used 55948K, committed 56512K, reserved 1114112K
  class space    used 7408K, committed 7680K, reserved 1048576K
}
Event: 3.811 GC heap after
{Heap after GC invocations=11 (full 0):
 garbage-first heap   total 67584K, used 23697K [0x0000000703600000, 0x0000000800000000)
  region size 2048K, 2 young (4096K), 2 survivors (4096K)
 Metaspace       used 55948K, committed 56512K, reserved 1114112K
  class space    used 7408K, committed 7680K, reserved 1048576K
}
Event: 3.982 GC heap before
{Heap before GC invocations=11 (full 0):
 garbage-first heap   total 67584K, used 48273K [0x0000000703600000, 0x0000000800000000)
  region size 2048K, 14 young (28672K), 2 survivors (4096K)
 Metaspace       used 57383K, committed 57984K, reserved 1114112K
  class space    used 7601K, committed 7872K, reserved 1048576K
}
Event: 3.984 GC heap after
{Heap after GC invocations=12 (full 0):
 garbage-first heap   total 67584K, used 24864K [0x0000000703600000, 0x0000000800000000)
  region size 2048K, 2 young (4096K), 2 survivors (4096K)
 Metaspace       used 57383K, committed 57984K, reserved 1114112K
  class space    used 7601K, committed 7872K, reserved 1048576K
}

